2023-11-22 06:55:08,372 DEBUG    root            Loaded Command Group: ['gcloud', 'topic']
2023-11-22 06:55:08,373 DEBUG    root            Loaded Command Group: ['gcloud', 'topic', 'resource_keys']
2023-11-22 06:55:08,375 DEBUG    root            Running [gcloud.topic.resource-keys] with arguments: []
2023-11-22 06:55:08,376 DEBUG    root            Running [gcloud.topic.resource-keys] with arguments: [--document: "None"]
2023-11-22 06:55:08,377 DEBUG    root            Loaded Command Group: ['gcloud', 'alpha', 'topic']
2023-11-22 06:55:08,378 DEBUG    root            Loaded Command Group: ['gcloud', 'alpha', 'topic', 'resource_keys']
2023-11-22 06:55:08,379 DEBUG    root            Loaded Command Group: ['gcloud', 'beta', 'topic']
2023-11-22 06:55:08,381 DEBUG    root            Loaded Command Group: ['gcloud', 'beta', 'topic', 'resource_keys']
2023-11-22 06:55:08,407 DEBUG    root            Loaded Command Group: ['gcloud', 'compute']
2023-11-22 06:55:08,412 DEBUG    root            Loaded Command Group: ['gcloud', 'compute', 'regions']
2023-11-22 06:55:08,422 DEBUG    root            Loaded Command Group: ['gcloud', 'compute', 'regions', 'list']
2023-11-22 06:55:08,427 INFO     ___FILE_ONLY___ [m[1mNAME[m
    gcloud topic resource-keys - resource keys supplementary help

[m[1mDESCRIPTION[m
    A [1mresource[m is a JSON-serializable object organized as a tree. Each node is
    a scalar, indexed array, or dictionary. Structs and classes are represented
    by dictionaries indexed by member name.

    Each node is reachable by a unique path of names from the root. A node [1mkey[m
    is the path names separated by '.'. [[4mnumber[m] represents an array index. For
    example:

        foo
        foo.bar
        abc.def[3].ghi

    The resource keys and data values for any [4mgcloud[m [4mlist[m command can be
    printed by running [4mgcloud[m ... [4mlist[m [1m--format=flattened[m. See the command
    specific documentation for details on specific resource keys.

[m[1mEXAMPLES[m
    This command lists the keys and values for the [1mregions[m resource:

        $ gcloud compute regions list --format=flattened

    and here is sample output for the command:

        ---
        creationTimestamp: 2013-05-23T07:02:09.522-07:00
        description:       us-central1
        id:                22115839677829654
        kind:              compute#region
        name:              us-central1
        quotas[0].limit:   24.0
        quotas[0].metric:  CPUS
        quotas[0].usage:   15.0
        quotas[1].limit:   5120.0
        quotas[1].metric:  DISKS_TOTAL_GB
        quotas[1].usage:   1416.0
        quotas[2].limit:   7.0
        quotas[2].metric:  STATIC_ADDRESSES
        quotas[2].usage:   1.0
        quotas[3].limit:   23.0
        quotas[3].metric:  IN_USE_ADDRESSES
        quotas[3].usage:   16.0
        quotas[4].limit:   1024.0
        quotas[4].metric:  SSD_TOTAL_GB
        quotas[4].usage:   0.0
        quotas[5].limit:   1500.0
        quotas[5].metric:  LOCAL_SSD_TOTAL_GB
        quotas[5].usage:   750.0
        selfLink:          https://www.googleapis.com/.../us-central1
        status:            UP
        zones[0]:          us-central1-a
        zones[1]:          us-central1-b
        zones[2]:          us-central1-f

    The [1mlist[m command produces a resource list. The keys are to the left of ':'
    and the values are to the right.

[m[1mNOTES[m
    These variants are also available:

        $ gcloud alpha topic resource-keys

        $ gcloud beta topic resource-keys

[m
