2023-11-22 07:01:05,886 DEBUG    root            Loaded Command Group: ['gcloud', 'config']
2023-11-22 07:01:05,887 DEBUG    root            Loaded Command Group: ['gcloud', 'config', 'configurations']
2023-11-22 07:01:05,889 DEBUG    root            Loaded Command Group: ['gcloud', 'config', 'configurations', 'list']
2023-11-22 07:01:05,891 DEBUG    root            Running [gcloud.config.configurations.list] with arguments: [--filter: "is_active=true AND name ~ cloudshell"]
2023-11-22 07:01:05,891 DEBUG    root            Chosen display Format:table(
        name,
        is_active,
        properties.core.account,
        properties.core.project,
        properties.compute.zone:label=COMPUTE_DEFAULT_ZONE,
        properties.compute.region:label=COMPUTE_DEFAULT_REGION)
    
2023-11-22 07:01:05,892 INFO     root            Display format: "table(
        name,
        is_active,
        properties.core.account,
        properties.core.project,
        properties.compute.zone:label=COMPUTE_DEFAULT_ZONE,
        properties.compute.region:label=COMPUTE_DEFAULT_REGION)
    "
2023-11-22 07:01:05,895 INFO     ___FILE_ONLY___ Listed 0 items.

2023-11-22 07:01:05,896 DEBUG    root            SDK update checks are disabled.
